<?xml version="1.0" encoding="UTF-8"?>
<testsuite xmlns:xsi="http://www.w3.org/2001/XMLSchema-instance" xsi:noNamespaceSchemaLocation="https://maven.apache.org/surefire/maven-surefire-plugin/xsd/surefire-test-report-3.0.xsd" version="3.0" name="com.infnet.ex4.AutomationExerciseTest" time="0.011" tests="7" errors="0" skipped="7" failures="0">
  <properties/>
  <testcase name="deveCadastrarNovoUsuarioComSucesso" classname="com.infnet.ex4.AutomationExerciseTest" time="0.0">
    <skipped message="class com.infnet.ex4.AutomationExerciseTest is @Disabled"/>
  </testcase>
  <testcase name="deveFazerLoginComCredenciaisValidas" classname="com.infnet.ex4.AutomationExerciseTest" time="0.0">
    <skipped message="class com.infnet.ex4.AutomationExerciseTest is @Disabled"/>
  </testcase>
  <testcase name="deveExibirErroComEmailInvalido" classname="com.infnet.ex4.AutomationExerciseTest" time="0.0">
    <skipped message="class com.infnet.ex4.AutomationExerciseTest is @Disabled"/>
  </testcase>
  <testcase name="deveExibirErroComSenhaIncorreta" classname="com.infnet.ex4.AutomationExerciseTest" time="0.0">
    <skipped message="class com.infnet.ex4.AutomationExerciseTest is @Disabled"/>
  </testcase>
  <testcase name="deveExibirErroComCamposVazios" classname="com.infnet.ex4.AutomationExerciseTest" time="0.0">
    <skipped message="class com.infnet.ex4.AutomationExerciseTest is @Disabled"/>
  </testcase>
  <testcase name="deveExibirErroParaFormatoEmailInvalido" classname="com.infnet.ex4.AutomationExerciseTest" time="0.0">
    <skipped message="class com.infnet.ex4.AutomationExerciseTest is @Disabled"/>
  </testcase>
  <testcase name="deveFazerLogoutComSucesso" classname="com.infnet.ex4.AutomationExerciseTest" time="0.0">
    <skipped message="class com.infnet.ex4.AutomationExerciseTest is @Disabled"/>
  </testcase>
</testsuite>