<?xml version="1.0" encoding="UTF-8"?>
<testsuite xmlns:xsi="http://www.w3.org/2001/XMLSchema-instance" xsi:noNamespaceSchemaLocation="https://maven.apache.org/surefire/maven-surefire-plugin/xsd/surefire-test-report-3.0.xsd" version="3.0" name="com.infnet.ex2.MathFunctionsPropertyTest" time="1.605" tests="20" errors="0" skipped="0" failures="0">
  <properties>
[...]
</properties>
  <testcase name="Se um número é primo, não deve ser divisível por nenhum número entre 2 e sua raiz" classname="com.infnet.ex2.MathFunctionsPropertyTest" time="0.123">
    <system-out><![CDATA[timestamp = 2025-12-09T09:59:37.480232793, MathFunctionsPropertyTest:Se um número é primo, não deve ser divisível por nenhum número entre 2 e sua raiz = 
                              |-----------------------jqwik-----------------------
tries = 499                   | # of calls to property
checks = 499                  | # of not rejected calls
generation = EXHAUSTIVE       | parameters are exhaustively generated
after-failure = SAMPLE_FIRST  | try previously failed sample, then previous seed
when-fixed-seed = ALLOW       | fixing the random seed is allowed
edge-cases#mode = MIXIN       | edge cases are mixed in
edge-cases#total = 0          | # of all combined edge cases
edge-cases#tried = 0          | # of edge cases tried in current run
seed = -7109708364003020402   | random seed to reproduce generated values


]]></system-out>
  </testcase>
  <testcase name="MultiplyByTwo deve preservar o sinal (positivo/negativo)" classname="com.infnet.ex2.MathFunctionsPropertyTest" time="0.039">
    <system-out><![CDATA[timestamp = 2025-12-09T09:59:37.520167024, MathFunctionsPropertyTest:MultiplyByTwo deve preservar o sinal (positivo/negativo) = 
                              |-----------------------jqwik-----------------------
tries = 1000                  | # of calls to property
checks = 1000                 | # of not rejected calls
generation = RANDOMIZED       | parameters are randomly generated
after-failure = SAMPLE_FIRST  | try previously failed sample, then previous seed
when-fixed-seed = ALLOW       | fixing the random seed is allowed
edge-cases#mode = MIXIN       | edge cases are mixed in
edge-cases#total = 4          | # of all combined edge cases
edge-cases#tried = 4          | # of edge cases tried in current run
seed = -5343318839530616782   | random seed to reproduce generated values


]]></system-out>
  </testcase>
  <testcase name="knownPrimesAreIdentified" classname="com.infnet.ex2.MathFunctionsPropertyTest" time="0.023">
    <system-out><![CDATA[timestamp = 2025-12-09T09:59:37.543818116, MathFunctionsPropertyTest:Números primos conhecidos devem ser identificados corretamente = 
                              |-----------------------jqwik-----------------------
tries = 1000                  | # of calls to property
checks = 1000                 | # of not rejected calls
generation = RANDOMIZED       | parameters are randomly generated
after-failure = SAMPLE_FIRST  | try previously failed sample, then previous seed
when-fixed-seed = ALLOW       | fixing the random seed is allowed
edge-cases#mode = MIXIN       | edge cases are mixed in
edge-cases#total = 0          | # of all combined edge cases
edge-cases#tried = 0          | # of edge cases tried in current run
seed = 5669902308682684717    | random seed to reproduce generated values


]]></system-out>
    <system-err><![CDATA[Dec 09, 2025 9:59:37 AM net.jqwik.engine.execution.CheckedProperty maybeWarnOnMultipleTriesWithoutForallParameters
WARNING: Running Property [MathFunctionsPropertyTest:Números primos conhecidos devem ser identificados corretamente] in container [com.infnet.ex2.MathFunctionsPropertyTest] without any @ForAll parameters for 1000 tries.
    Maybe you want to change it into an @Example?
]]></system-err>
  </testcase>
  <testcase name="Média deve ser soma dividida pelo tamanho" classname="com.infnet.ex2.MathFunctionsPropertyTest" time="0.043">
    <system-out><![CDATA[timestamp = 2025-12-09T09:59:37.587138418, MathFunctionsPropertyTest:Média deve ser soma dividida pelo tamanho = 
                              |-----------------------jqwik-----------------------
tries = 1000                  | # of calls to property
checks = 1000                 | # of not rejected calls
generation = RANDOMIZED       | parameters are randomly generated
after-failure = SAMPLE_FIRST  | try previously failed sample, then previous seed
when-fixed-seed = ALLOW       | fixing the random seed is allowed
edge-cases#mode = MIXIN       | edge cases are mixed in
edge-cases#total = 9          | # of all combined edge cases
edge-cases#tried = 9          | # of edge cases tried in current run
seed = 3522563360764653829    | random seed to reproduce generated values


]]></system-out>
  </testcase>
  <testcase name="emptyOrNullArrayThrowsException" classname="com.infnet.ex2.MathFunctionsPropertyTest" time="0.018">
    <system-out><![CDATA[timestamp = 2025-12-09T09:59:37.605101498, MathFunctionsPropertyTest:Array vazio ou null deve lançar exceção = 
                              |-----------------------jqwik-----------------------
tries = 1000                  | # of calls to property
checks = 1000                 | # of not rejected calls
generation = RANDOMIZED       | parameters are randomly generated
after-failure = SAMPLE_FIRST  | try previously failed sample, then previous seed
when-fixed-seed = ALLOW       | fixing the random seed is allowed
edge-cases#mode = MIXIN       | edge cases are mixed in
edge-cases#total = 0          | # of all combined edge cases
edge-cases#tried = 0          | # of edge cases tried in current run
seed = -3755488086230842816   | random seed to reproduce generated values


]]></system-out>
    <system-err><![CDATA[Dec 09, 2025 9:59:37 AM net.jqwik.engine.execution.CheckedProperty maybeWarnOnMultipleTriesWithoutForallParameters
WARNING: Running Property [MathFunctionsPropertyTest:Array vazio ou null deve lançar exceção] in container [com.infnet.ex2.MathFunctionsPropertyTest] without any @ForAll parameters for 1000 tries.
    Maybe you want to change it into an @Example?
]]></system-err>
  </testcase>
  <testcase name="Primeiro elemento da tabuada deve ser o próprio número" classname="com.infnet.ex2.MathFunctionsPropertyTest" time="0.029">
    <system-out><![CDATA[timestamp = 2025-12-09T09:59:37.634265127, MathFunctionsPropertyTest:Primeiro elemento da tabuada deve ser o próprio número = 
                              |-----------------------jqwik-----------------------
tries = 1000                  | # of calls to property
checks = 1000                 | # of not rejected calls
generation = RANDOMIZED       | parameters are randomly generated
after-failure = SAMPLE_FIRST  | try previously failed sample, then previous seed
when-fixed-seed = ALLOW       | fixing the random seed is allowed
edge-cases#mode = MIXIN       | edge cases are mixed in
edge-cases#total = 36         | # of all combined edge cases
edge-cases#tried = 36         | # of edge cases tried in current run
seed = 3909533344615432071    | random seed to reproduce generated values


]]></system-out>
  </testcase>
  <testcase name="Números menores ou iguais a 1 não são primos" classname="com.infnet.ex2.MathFunctionsPropertyTest" time="0.004">
    <system-out><![CDATA[timestamp = 2025-12-09T09:59:37.638434845, MathFunctionsPropertyTest:Números menores ou iguais a 1 não são primos = 
                              |-----------------------jqwik-----------------------
tries = 2                     | # of calls to property
checks = 2                    | # of not rejected calls
generation = EXHAUSTIVE       | parameters are exhaustively generated
after-failure = SAMPLE_FIRST  | try previously failed sample, then previous seed
when-fixed-seed = ALLOW       | fixing the random seed is allowed
edge-cases#mode = MIXIN       | edge cases are mixed in
edge-cases#total = 0          | # of all combined edge cases
edge-cases#tried = 0          | # of edge cases tried in current run
seed = 1938861518360806141    | random seed to reproduce generated values


]]></system-out>
  </testcase>
  <testcase name="Logger deve ser chamado quando presente - GenerateMultiplicationTable" classname="com.infnet.ex2.MathFunctionsPropertyTest" time="0.864">
    <system-out><![CDATA[timestamp = 2025-12-09T09:59:38.503311923, MathFunctionsPropertyTest:Logger deve ser chamado quando presente - GenerateMultiplicationTable = 
                              |-----------------------jqwik-----------------------
tries = 100                   | # of calls to property
checks = 100                  | # of not rejected calls
generation = EXHAUSTIVE       | parameters are exhaustively generated
after-failure = SAMPLE_FIRST  | try previously failed sample, then previous seed
when-fixed-seed = ALLOW       | fixing the random seed is allowed
edge-cases#mode = MIXIN       | edge cases are mixed in
edge-cases#total = 0          | # of all combined edge cases
edge-cases#tried = 0          | # of edge cases tried in current run
seed = 4303734152536706441    | random seed to reproduce generated values


]]></system-out>
    <system-err><![CDATA[WARNING: A Java agent has been loaded dynamically (/home/guichina/.m2/repository/net/bytebuddy/byte-buddy-agent/1.14.9/byte-buddy-agent-1.14.9.jar)
WARNING: If a serviceability tool is in use, please run with -XX:+EnableDynamicAgentLoading to hide this warning
WARNING: If a serviceability tool is not in use, please run with -Djdk.instrument.traceUsage for more information
WARNING: Dynamic loading of agents will be disallowed by default in a future release
]]></system-err>
  </testcase>
  <testcase name="Média deve estar entre o menor e o maior valor do array" classname="com.infnet.ex2.MathFunctionsPropertyTest" time="0.087">
    <system-out><![CDATA[timestamp = 2025-12-09T09:59:38.592182691, MathFunctionsPropertyTest:Média deve estar entre o menor e o maior valor do array = 
                              |-----------------------jqwik-----------------------
tries = 1000                  | # of calls to property
checks = 1000                 | # of not rejected calls
generation = RANDOMIZED       | parameters are randomly generated
after-failure = SAMPLE_FIRST  | try previously failed sample, then previous seed
when-fixed-seed = ALLOW       | fixing the random seed is allowed
edge-cases#mode = MIXIN       | edge cases are mixed in
edge-cases#total = 9          | # of all combined edge cases
edge-cases#tried = 9          | # of edge cases tried in current run
seed = 2575611273479843385    | random seed to reproduce generated values


]]></system-out>
  </testcase>
  <testcase name="Elementos da tabuada devem estar em ordem crescente (para números positivos)" classname="com.infnet.ex2.MathFunctionsPropertyTest" time="0.044">
    <system-out><![CDATA[timestamp = 2025-12-09T09:59:38.637321355, MathFunctionsPropertyTest:Elementos da tabuada devem estar em ordem crescente (para números positivos) = 
                              |-----------------------jqwik-----------------------
tries = 1000                  | # of calls to property
checks = 1000                 | # of not rejected calls
generation = RANDOMIZED       | parameters are randomly generated
after-failure = SAMPLE_FIRST  | try previously failed sample, then previous seed
when-fixed-seed = ALLOW       | fixing the random seed is allowed
edge-cases#mode = MIXIN       | edge cases are mixed in
edge-cases#total = 16         | # of all combined edge cases
edge-cases#tried = 16         | # of edge cases tried in current run
seed = 1317437007578317248    | random seed to reproduce generated values


]]></system-out>
  </testcase>
  <testcase name="multiplyByTwoZeroInputGivesZero" classname="com.infnet.ex2.MathFunctionsPropertyTest" time="0.01">
    <system-out><![CDATA[timestamp = 2025-12-09T09:59:38.647907076, MathFunctionsPropertyTest:MultiplyByTwo de zero deve ser zero = 
                              |-----------------------jqwik-----------------------
tries = 1000                  | # of calls to property
checks = 1000                 | # of not rejected calls
generation = RANDOMIZED       | parameters are randomly generated
after-failure = SAMPLE_FIRST  | try previously failed sample, then previous seed
when-fixed-seed = ALLOW       | fixing the random seed is allowed
edge-cases#mode = MIXIN       | edge cases are mixed in
edge-cases#total = 0          | # of all combined edge cases
edge-cases#tried = 0          | # of edge cases tried in current run
seed = 6334132117653828180    | random seed to reproduce generated values


]]></system-out>
    <system-err><![CDATA[Dec 09, 2025 9:59:38 AM net.jqwik.engine.execution.CheckedProperty maybeWarnOnMultipleTriesWithoutForallParameters
WARNING: Running Property [MathFunctionsPropertyTest:MultiplyByTwo de zero deve ser zero] in container [com.infnet.ex2.MathFunctionsPropertyTest] without any @ForAll parameters for 1000 tries.
    Maybe you want to change it into an @Example?
]]></system-err>
  </testcase>
  <testcase name="Logger deve ser chamado quando presente - MultiplyByTwo" classname="com.infnet.ex2.MathFunctionsPropertyTest" time="0.156">
    <system-out><![CDATA[timestamp = 2025-12-09T09:59:38.805638104, MathFunctionsPropertyTest:Logger deve ser chamado quando presente - MultiplyByTwo = 
                              |-----------------------jqwik-----------------------
tries = 1000                  | # of calls to property
checks = 1000                 | # of not rejected calls
generation = RANDOMIZED       | parameters are randomly generated
after-failure = SAMPLE_FIRST  | try previously failed sample, then previous seed
when-fixed-seed = ALLOW       | fixing the random seed is allowed
edge-cases#mode = MIXIN       | edge cases are mixed in
edge-cases#total = 9          | # of all combined edge cases
edge-cases#tried = 9          | # of edge cases tried in current run
seed = -9179860078111640178   | random seed to reproduce generated values


]]></system-out>
  </testcase>
  <testcase name="MultiplyByTwo deve retornar exatamente o dobro" classname="com.infnet.ex2.MathFunctionsPropertyTest" time="0.014">
    <system-out><![CDATA[timestamp = 2025-12-09T09:59:38.820313351, MathFunctionsPropertyTest:MultiplyByTwo deve retornar exatamente o dobro = 
                              |-----------------------jqwik-----------------------
tries = 1000                  | # of calls to property
checks = 1000                 | # of not rejected calls
generation = RANDOMIZED       | parameters are randomly generated
after-failure = SAMPLE_FIRST  | try previously failed sample, then previous seed
when-fixed-seed = ALLOW       | fixing the random seed is allowed
edge-cases#mode = MIXIN       | edge cases are mixed in
edge-cases#total = 9          | # of all combined edge cases
edge-cases#tried = 9          | # of edge cases tried in current run
seed = -6341892155908128916   | random seed to reproduce generated values


]]></system-out>
  </testcase>
  <testcase name="Números pares maiores que 2 não são primos" classname="com.infnet.ex2.MathFunctionsPropertyTest" time="0.026">
    <system-out><![CDATA[timestamp = 2025-12-09T09:59:38.846952396, MathFunctionsPropertyTest:Números pares maiores que 2 não são primos = 
                              |-----------------------jqwik-----------------------
tries = 997                   | # of calls to property
checks = 499                  | # of not rejected calls
generation = EXHAUSTIVE       | parameters are exhaustively generated
after-failure = SAMPLE_FIRST  | try previously failed sample, then previous seed
when-fixed-seed = ALLOW       | fixing the random seed is allowed
edge-cases#mode = MIXIN       | edge cases are mixed in
edge-cases#total = 0          | # of all combined edge cases
edge-cases#tried = 0          | # of edge cases tried in current run
seed = 3501309192227910573    | random seed to reproduce generated values


]]></system-out>
  </testcase>
  <testcase name="knownCompositesAreNotPrime" classname="com.infnet.ex2.MathFunctionsPropertyTest" time="0.012">
    <system-out><![CDATA[timestamp = 2025-12-09T09:59:38.859367972, MathFunctionsPropertyTest:Números compostos conhecidos não devem ser primos = 
                              |-----------------------jqwik-----------------------
tries = 1000                  | # of calls to property
checks = 1000                 | # of not rejected calls
generation = RANDOMIZED       | parameters are randomly generated
after-failure = SAMPLE_FIRST  | try previously failed sample, then previous seed
when-fixed-seed = ALLOW       | fixing the random seed is allowed
edge-cases#mode = MIXIN       | edge cases are mixed in
edge-cases#total = 0          | # of all combined edge cases
edge-cases#tried = 0          | # of edge cases tried in current run
seed = 5367134782791129623    | random seed to reproduce generated values


]]></system-out>
    <system-err><![CDATA[Dec 09, 2025 9:59:38 AM net.jqwik.engine.execution.CheckedProperty maybeWarnOnMultipleTriesWithoutForallParameters
WARNING: Running Property [MathFunctionsPropertyTest:Números compostos conhecidos não devem ser primos] in container [com.infnet.ex2.MathFunctionsPropertyTest] without any @ForAll parameters for 1000 tries.
    Maybe you want to change it into an @Example?
]]></system-err>
  </testcase>
  <testcase name="MultiplyByTwo sempre retorna um número par" classname="com.infnet.ex2.MathFunctionsPropertyTest" time="0.013">
    <system-out><![CDATA[timestamp = 2025-12-09T09:59:38.873682133, MathFunctionsPropertyTest:MultiplyByTwo sempre retorna um número par = 
                              |-----------------------jqwik-----------------------
tries = 1000                  | # of calls to property
checks = 1000                 | # of not rejected calls
generation = RANDOMIZED       | parameters are randomly generated
after-failure = SAMPLE_FIRST  | try previously failed sample, then previous seed
when-fixed-seed = ALLOW       | fixing the random seed is allowed
edge-cases#mode = MIXIN       | edge cases are mixed in
edge-cases#total = 9          | # of all combined edge cases
edge-cases#tried = 9          | # of edge cases tried in current run
seed = 7987547839429876222    | random seed to reproduce generated values


]]></system-out>
  </testcase>
  <testcase name="Tabuada deve ter comprimento correto" classname="com.infnet.ex2.MathFunctionsPropertyTest" time="0.02">
    <system-out><![CDATA[timestamp = 2025-12-09T09:59:38.894450501, MathFunctionsPropertyTest:Tabuada deve ter comprimento correto = 
                              |-----------------------jqwik-----------------------
tries = 1000                  | # of calls to property
checks = 1000                 | # of not rejected calls
generation = RANDOMIZED       | parameters are randomly generated
after-failure = SAMPLE_FIRST  | try previously failed sample, then previous seed
when-fixed-seed = ALLOW       | fixing the random seed is allowed
edge-cases#mode = MIXIN       | edge cases are mixed in
edge-cases#total = 20         | # of all combined edge cases
edge-cases#tried = 20         | # of edge cases tried in current run
seed = -6001654505114325269   | random seed to reproduce generated values


]]></system-out>
  </testcase>
  <testcase name="Média de array com valores iguais deve ser o próprio valor" classname="com.infnet.ex2.MathFunctionsPropertyTest" time="0.025">
    <system-out><![CDATA[timestamp = 2025-12-09T09:59:38.920281772, MathFunctionsPropertyTest:Média de array com valores iguais deve ser o próprio valor = 
                              |-----------------------jqwik-----------------------
tries = 1000                  | # of calls to property
checks = 1000                 | # of not rejected calls
generation = RANDOMIZED       | parameters are randomly generated
after-failure = SAMPLE_FIRST  | try previously failed sample, then previous seed
when-fixed-seed = ALLOW       | fixing the random seed is allowed
edge-cases#mode = MIXIN       | edge cases are mixed in
edge-cases#total = 36         | # of all combined edge cases
edge-cases#tried = 36         | # of edge cases tried in current run
seed = 7867773976857314385    | random seed to reproduce generated values


]]></system-out>
  </testcase>
  <testcase name="Todos elementos da tabuada são múltiplos do número original" classname="com.infnet.ex2.MathFunctionsPropertyTest" time="0.023">
    <system-out><![CDATA[timestamp = 2025-12-09T09:59:38.943796514, MathFunctionsPropertyTest:Todos elementos da tabuada são múltiplos do número original = 
                              |-----------------------jqwik-----------------------
tries = 1000                  | # of calls to property
checks = 1000                 | # of not rejected calls
generation = RANDOMIZED       | parameters are randomly generated
after-failure = SAMPLE_FIRST  | try previously failed sample, then previous seed
when-fixed-seed = ALLOW       | fixing the random seed is allowed
edge-cases#mode = MIXIN       | edge cases are mixed in
edge-cases#total = 16         | # of all combined edge cases
edge-cases#tried = 16         | # of edge cases tried in current run
seed = -1779896191081806095   | random seed to reproduce generated values


]]></system-out>
  </testcase>
  <testcase name="MultiplyByTwo de número negativo deve ser negativo" classname="com.infnet.ex2.MathFunctionsPropertyTest" time="0.01">
    <system-out><![CDATA[timestamp = 2025-12-09T09:59:38.953804378, MathFunctionsPropertyTest:MultiplyByTwo de número negativo deve ser negativo = 
                              |-----------------------jqwik-----------------------
tries = 1000                  | # of calls to property
checks = 1000                 | # of not rejected calls
generation = RANDOMIZED       | parameters are randomly generated
after-failure = SAMPLE_FIRST  | try previously failed sample, then previous seed
when-fixed-seed = ALLOW       | fixing the random seed is allowed
edge-cases#mode = MIXIN       | edge cases are mixed in
edge-cases#total = 4          | # of all combined edge cases
edge-cases#tried = 4          | # of edge cases tried in current run
seed = 969662433184013913     | random seed to reproduce generated values


]]></system-out>
  </testcase>
</testsuite>