<?xml version="1.0" encoding="UTF-8"?>
<testsuite xmlns:xsi="http://www.w3.org/2001/XMLSchema-instance" xsi:noNamespaceSchemaLocation="https://maven.apache.org/surefire/maven-surefire-plugin/xsd/surefire-test-report-3.0.xsd" version="3.0" name="com.sistema.domain.QuantidadeTest" time="0.028" tests="12" errors="0" skipped="0" failures="0">
  <properties>
[...]
</properties>
  <testcase name="imutabilidadeDeveSerMantida" classname="com.sistema.domain.QuantidadeTest" time="0.2">
    <system-out><![CDATA[timestamp = 2025-11-09T14:00:24.069488861, QuantidadeTest:imutabilidadeDeveSerMantida = 
                              |-----------------------jqwik-----------------------
tries = 1000                  | # of calls to property
checks = 1000                 | # of not rejected calls
generation = RANDOMIZED       | parameters are randomly generated
after-failure = SAMPLE_FIRST  | try previously failed sample, then previous seed
when-fixed-seed = ALLOW       | fixing the random seed is allowed
edge-cases#mode = MIXIN       | edge cases are mixed in
edge-cases#total = 25         | # of all combined edge cases
edge-cases#tried = 25         | # of edge cases tried in current run
seed = -2766146019196531237   | random seed to reproduce generated values


]]></system-out>
  </testcase>
  <testcase name="adicaoDeveSerComutativa" classname="com.sistema.domain.QuantidadeTest" time="0.022">
    <system-out><![CDATA[timestamp = 2025-11-09T14:00:24.096518202, QuantidadeTest:adicaoDeveSerComutativa = 
                              |-----------------------jqwik-----------------------
tries = 1000                  | # of calls to property
checks = 1000                 | # of not rejected calls
generation = RANDOMIZED       | parameters are randomly generated
after-failure = SAMPLE_FIRST  | try previously failed sample, then previous seed
when-fixed-seed = ALLOW       | fixing the random seed is allowed
edge-cases#mode = MIXIN       | edge cases are mixed in
edge-cases#total = 25         | # of all combined edge cases
edge-cases#tried = 25         | # of edge cases tried in current run
seed = -5775282630621409698   | random seed to reproduce generated values


]]></system-out>
  </testcase>
  <testcase name="quantidadeValidaDeveSerCriada" classname="com.sistema.domain.QuantidadeTest" time="0.012">
    <system-out><![CDATA[timestamp = 2025-11-09T14:00:24.108759423, QuantidadeTest:quantidadeValidaDeveSerCriada = 
                              |-----------------------jqwik-----------------------
tries = 1000                  | # of calls to property
checks = 1000                 | # of not rejected calls
generation = RANDOMIZED       | parameters are randomly generated
after-failure = SAMPLE_FIRST  | try previously failed sample, then previous seed
when-fixed-seed = ALLOW       | fixing the random seed is allowed
edge-cases#mode = MIXIN       | edge cases are mixed in
edge-cases#total = 5          | # of all combined edge cases
edge-cases#tried = 5          | # of edge cases tried in current run
seed = -3230891804869917545   | random seed to reproduce generated values


]]></system-out>
  </testcase>
  <testcase name="quantidadesIguaisDevemSerIguaisProperty" classname="com.sistema.domain.QuantidadeTest" time="0.01">
    <system-out><![CDATA[timestamp = 2025-11-09T14:00:24.119693406, QuantidadeTest:quantidadesIguaisDevemSerIguaisProperty = 
                              |-----------------------jqwik-----------------------
tries = 1000                  | # of calls to property
checks = 1000                 | # of not rejected calls
generation = RANDOMIZED       | parameters are randomly generated
after-failure = SAMPLE_FIRST  | try previously failed sample, then previous seed
when-fixed-seed = ALLOW       | fixing the random seed is allowed
edge-cases#mode = MIXIN       | edge cases are mixed in
edge-cases#total = 5          | # of all combined edge cases
edge-cases#tried = 5          | # of edge cases tried in current run
seed = 8132790753585708875    | random seed to reproduce generated values


]]></system-out>
  </testcase>
  <testcase name="subtracaoDeveSerInversaDeAdicao" classname="com.sistema.domain.QuantidadeTest" time="0.022">
    <system-out><![CDATA[timestamp = 2025-11-09T14:00:24.142479331, QuantidadeTest:subtracaoDeveSerInversaDeAdicao = 
                              |-----------------------jqwik-----------------------
tries = 1000                  | # of calls to property
checks = 652                  | # of not rejected calls
generation = RANDOMIZED       | parameters are randomly generated
after-failure = SAMPLE_FIRST  | try previously failed sample, then previous seed
when-fixed-seed = ALLOW       | fixing the random seed is allowed
edge-cases#mode = MIXIN       | edge cases are mixed in
edge-cases#total = 25         | # of all combined edge cases
edge-cases#tried = 25         | # of edge cases tried in current run
seed = 2516664372172328238    | random seed to reproduce generated values


]]></system-out>
  </testcase>
  <testcase name="quantidadeNegativaDeveSerRejeitada" classname="com.sistema.domain.QuantidadeTest" time="0.016">
    <system-out><![CDATA[timestamp = 2025-11-09T14:00:24.158986982, QuantidadeTest:quantidadeNegativaDeveSerRejeitada = 
                              |-----------------------jqwik-----------------------
tries = 1000                  | # of calls to property
checks = 1000                 | # of not rejected calls
generation = RANDOMIZED       | parameters are randomly generated
after-failure = SAMPLE_FIRST  | try previously failed sample, then previous seed
when-fixed-seed = ALLOW       | fixing the random seed is allowed
edge-cases#mode = MIXIN       | edge cases are mixed in
edge-cases#total = 4          | # of all combined edge cases
edge-cases#tried = 4          | # of edge cases tried in current run
seed = -8030393397285965840   | random seed to reproduce generated values


]]></system-out>
  </testcase>
  <testcase name="deveAceitarQuantidadeMaxima" classname="com.sistema.domain.QuantidadeTest" time="0.01"/>
  <testcase name="deveRetornarStringCorretamente" classname="com.sistema.domain.QuantidadeTest" time="0.0"/>
  <testcase name="deveRejeitarQuantidadeNegativa" classname="com.sistema.domain.QuantidadeTest" time="0.001"/>
  <testcase name="deveCriarQuantidadeZeroComMetodoEstatico" classname="com.sistema.domain.QuantidadeTest" time="0.0"/>
  <testcase name="deveRejeitarSubtracaoQueResulteEmNegativo" classname="com.sistema.domain.QuantidadeTest" time="0.0"/>
  <testcase name="quantidadesIguaisDevemSerIguais" classname="com.sistema.domain.QuantidadeTest" time="0.001"/>
  <testcase name="deveRejeitarQuantidadeAcimaDoMaximo" classname="com.sistema.domain.QuantidadeTest" time="0.001"/>
  <testcase name="deveAdicionarQuantidade" classname="com.sistema.domain.QuantidadeTest" time="0.0"/>
  <testcase name="deveAceitarQuantidadeZero" classname="com.sistema.domain.QuantidadeTest" time="0.001"/>
  <testcase name="deveRejeitarAdicaoQueExcedaMaximo" classname="com.sistema.domain.QuantidadeTest" time="0.001"/>
  <testcase name="deveCriarQuantidadeValida" classname="com.sistema.domain.QuantidadeTest" time="0.0"/>
  <testcase name="deveSubtrairQuantidade" classname="com.sistema.domain.QuantidadeTest" time="0.001"/>
</testsuite>