<?xml version="1.0" encoding="UTF-8"?>
<testsuite xmlns:xsi="http://www.w3.org/2001/XMLSchema-instance" xsi:noNamespaceSchemaLocation="https://maven.apache.org/surefire/maven-surefire-plugin/xsd/surefire-test-report-3.0.xsd" version="3.0" name="com.sistema.domain.ProdutoTest" time="0.009" tests="13" errors="0" skipped="0" failures="0">
  <properties>
[...]
</properties>
  <testcase name="atualizacaoDeveManterImutabilidade" classname="com.sistema.domain.ProdutoTest" time="0.159">
    <system-out><![CDATA[timestamp = 2025-11-09T14:00:24.322868245, ProdutoTest:atualizacaoDeveManterImutabilidade = 
                              |-----------------------jqwik-----------------------
tries = 1000                  | # of calls to property
checks = 1000                 | # of not rejected calls
generation = RANDOMIZED       | parameters are randomly generated
after-failure = SAMPLE_FIRST  | try previously failed sample, then previous seed
when-fixed-seed = ALLOW       | fixing the random seed is allowed
edge-cases#mode = MIXIN       | edge cases are mixed in
edge-cases#total = 200        | # of all combined edge cases
edge-cases#tried = 178        | # of edge cases tried in current run
seed = 862888358415427219     | random seed to reproduce generated values


]]></system-out>
  </testcase>
  <testcase name="produtoCriadoDeveSerValido" classname="com.sistema.domain.ProdutoTest" time="0.06">
    <system-out><![CDATA[timestamp = 2025-11-09T14:00:24.383454305, ProdutoTest:produtoCriadoDeveSerValido = 
                              |-----------------------jqwik-----------------------
tries = 1000                  | # of calls to property
checks = 1000                 | # of not rejected calls
generation = RANDOMIZED       | parameters are randomly generated
after-failure = SAMPLE_FIRST  | try previously failed sample, then previous seed
when-fixed-seed = ALLOW       | fixing the random seed is allowed
edge-cases#mode = MIXIN       | edge cases are mixed in
edge-cases#total = 200        | # of all combined edge cases
edge-cases#tried = 169        | # of edge cases tried in current run
seed = -2681959266225520718   | random seed to reproduce generated values


]]></system-out>
  </testcase>
  <testcase name="deveRejeitarCategoriaNula" classname="com.sistema.domain.ProdutoTest" time="0.001"/>
  <testcase name="deveAtualizarPreco" classname="com.sistema.domain.ProdutoTest" time="0.0"/>
  <testcase name="produtosComIdsDigerentesNaoDevemSerIguais" classname="com.sistema.domain.ProdutoTest" time="0.001"/>
  <testcase name="deveAtualizarNome" classname="com.sistema.domain.ProdutoTest" time="0.0"/>
  <testcase name="deveAtualizarCategoria" classname="com.sistema.domain.ProdutoTest" time="0.0"/>
  <testcase name="deveRejeitarNomeNulo" classname="com.sistema.domain.ProdutoTest" time="0.001"/>
  <testcase name="produtosComMesmoIdDevemSerIguais" classname="com.sistema.domain.ProdutoTest" time="0.0"/>
  <testcase name="deveRejeitarIdNulo" classname="com.sistema.domain.ProdutoTest" time="0.001"/>
  <testcase name="deveCriarProdutoValido" classname="com.sistema.domain.ProdutoTest" time="0.001"/>
  <testcase name="deveAtualizarQuantidade" classname="com.sistema.domain.ProdutoTest" time="0.0"/>
  <testcase name="deveRejeitarQuantidadeNula" classname="com.sistema.domain.ProdutoTest" time="0.001"/>
  <testcase name="deveRejeitarPrecoNulo" classname="com.sistema.domain.ProdutoTest" time="0.0"/>
  <testcase name="deveReconstituirProduto" classname="com.sistema.domain.ProdutoTest" time="0.0"/>
</testsuite>