<?xml version="1.0" encoding="UTF-8"?>
<testsuite xmlns:xsi="http://www.w3.org/2001/XMLSchema-instance" xsi:noNamespaceSchemaLocation="https://maven.apache.org/surefire/maven-surefire-plugin/xsd/surefire-test-report-3.0.xsd" version="3.0" name="com.sistema.service.ProdutoServicoTest" time="0.008" tests="12" errors="0" skipped="0" failures="0">
  <properties>
[...]
</properties>
  <testcase name="deletarDeveTornarProdutoInexistente" classname="com.sistema.service.ProdutoServicoTest" time="0.029">
    <system-out><![CDATA[timestamp = 2025-11-09T14:00:24.738781247, ProdutoServicoTest:deletarDeveTornarProdutoInexistente = 
                              |-----------------------jqwik-----------------------
tries = 1000                  | # of calls to property
checks = 1000                 | # of not rejected calls
generation = RANDOMIZED       | parameters are randomly generated
after-failure = SAMPLE_FIRST  | try previously failed sample, then previous seed
when-fixed-seed = ALLOW       | fixing the random seed is allowed
edge-cases#mode = MIXIN       | edge cases are mixed in
edge-cases#total = 200        | # of all combined edge cases
edge-cases#tried = 165        | # of edge cases tried in current run
seed = 6299128489329248453    | random seed to reproduce generated values


]]></system-out>
  </testcase>
  <testcase name="produtoCriadoDeveSerBuscavel" classname="com.sistema.service.ProdutoServicoTest" time="0.021">
    <system-out><![CDATA[timestamp = 2025-11-09T14:00:24.760492474, ProdutoServicoTest:produtoCriadoDeveSerBuscavel = 
                              |-----------------------jqwik-----------------------
tries = 1000                  | # of calls to property
checks = 1000                 | # of not rejected calls
generation = RANDOMIZED       | parameters are randomly generated
after-failure = SAMPLE_FIRST  | try previously failed sample, then previous seed
when-fixed-seed = ALLOW       | fixing the random seed is allowed
edge-cases#mode = MIXIN       | edge cases are mixed in
edge-cases#total = 200        | # of all combined edge cases
edge-cases#tried = 200        | # of edge cases tried in current run
seed = 1317513007080006756    | random seed to reproduce generated values


]]></system-out>
  </testcase>
  <testcase name="atualizacaoDeveMudarDadosMantendoId" classname="com.sistema.service.ProdutoServicoTest" time="0.019">
    <system-out><![CDATA[timestamp = 2025-11-09T14:00:24.779950820, ProdutoServicoTest:atualizacaoDeveMudarDadosMantendoId = 
                              |-----------------------jqwik-----------------------
tries = 1000                  | # of calls to property
checks = 1000                 | # of not rejected calls
generation = RANDOMIZED       | parameters are randomly generated
after-failure = SAMPLE_FIRST  | try previously failed sample, then previous seed
when-fixed-seed = ALLOW       | fixing the random seed is allowed
edge-cases#mode = MIXIN       | edge cases are mixed in
edge-cases#total = 200        | # of all combined edge cases
edge-cases#tried = 154        | # of edge cases tried in current run
seed = 8236184048439548322    | random seed to reproduce generated values


]]></system-out>
  </testcase>
  <testcase name="deveRejeitarRepositorioNulo" classname="com.sistema.service.ProdutoServicoTest" time="0.0"/>
  <testcase name="deveDeletarProduto" classname="com.sistema.service.ProdutoServicoTest" time="0.001"/>
  <testcase name="deveBuscarProdutoPorId" classname="com.sistema.service.ProdutoServicoTest" time="0.001"/>
  <testcase name="deveContarProdutos" classname="com.sistema.service.ProdutoServicoTest" time="0.0"/>
  <testcase name="deveLancarExcecaoAoAtualizarProdutoInexistente" classname="com.sistema.service.ProdutoServicoTest" time="0.0"/>
  <testcase name="deveLancarExcecaoAoDeletarProdutoInexistente" classname="com.sistema.service.ProdutoServicoTest" time="0.001"/>
  <testcase name="deveVerificarExistenciaDeProduto" classname="com.sistema.service.ProdutoServicoTest" time="0.0"/>
  <testcase name="deveCriarProduto" classname="com.sistema.service.ProdutoServicoTest" time="0.001"/>
  <testcase name="deveListarTodosProdutos" classname="com.sistema.service.ProdutoServicoTest" time="0.0"/>
  <testcase name="deveAtualizarProduto" classname="com.sistema.service.ProdutoServicoTest" time="0.001"/>
  <testcase name="deveRetornarListaVaziaQuandoNaoHaProdutos" classname="com.sistema.service.ProdutoServicoTest" time="0.0"/>
  <testcase name="deveLancarExcecaoQuandoProdutoNaoEncontrado" classname="com.sistema.service.ProdutoServicoTest" time="0.001"/>
</testsuite>