<?xml version="1.0" encoding="UTF-8"?>
<testsuite xmlns:xsi="http://www.w3.org/2001/XMLSchema-instance" xsi:noNamespaceSchemaLocation="https://maven.apache.org/surefire/maven-surefire-plugin/xsd/surefire-test-report-3.0.xsd" version="3.0" name="com.sistema.domain.CategoriaTest" time="0.007" tests="10" errors="0" skipped="0" failures="0">
  <properties>
[...]
</properties>
  <testcase name="descricaoDeveSerCaseInsensitive" classname="com.sistema.domain.CategoriaTest" time="0.009">
    <system-out><![CDATA[timestamp = 2025-11-09T14:00:24.473405606, CategoriaTest:descricaoDeveSerCaseInsensitive = 
                              |-----------------------jqwik-----------------------
tries = 10                    | # of calls to property
checks = 10                   | # of not rejected calls
generation = EXHAUSTIVE       | parameters are exhaustively generated
after-failure = SAMPLE_FIRST  | try previously failed sample, then previous seed
when-fixed-seed = ALLOW       | fixing the random seed is allowed
edge-cases#mode = MIXIN       | edge cases are mixed in
edge-cases#total = 0          | # of all combined edge cases
edge-cases#tried = 0          | # of edge cases tried in current run
seed = 74390733276453970      | random seed to reproduce generated values


]]></system-out>
  </testcase>
  <testcase name="todasCategoriasDevemTerDescricao" classname="com.sistema.domain.CategoriaTest" time="0.002">
    <system-out><![CDATA[timestamp = 2025-11-09T14:00:24.476256752, CategoriaTest:todasCategoriasDevemTerDescricao = 
                              |-----------------------jqwik-----------------------
tries = 10                    | # of calls to property
checks = 10                   | # of not rejected calls
generation = EXHAUSTIVE       | parameters are exhaustively generated
after-failure = SAMPLE_FIRST  | try previously failed sample, then previous seed
when-fixed-seed = ALLOW       | fixing the random seed is allowed
edge-cases#mode = MIXIN       | edge cases are mixed in
edge-cases#total = 0          | # of all combined edge cases
edge-cases#tried = 0          | # of edge cases tried in current run
seed = 7666699914022297808    | random seed to reproduce generated values


]]></system-out>
  </testcase>
  <testcase name="deveEncontrarCategoriaValidaPorDescricao" classname="com.sistema.domain.CategoriaTest" time="0.002">
    <system-out><![CDATA[timestamp = 2025-11-09T14:00:24.478241205, CategoriaTest:deveEncontrarCategoriaValidaPorDescricao = 
                              |-----------------------jqwik-----------------------
tries = 10                    | # of calls to property
checks = 10                   | # of not rejected calls
generation = EXHAUSTIVE       | parameters are exhaustively generated
after-failure = SAMPLE_FIRST  | try previously failed sample, then previous seed
when-fixed-seed = ALLOW       | fixing the random seed is allowed
edge-cases#mode = MIXIN       | edge cases are mixed in
edge-cases#total = 0          | # of all combined edge cases
edge-cases#tried = 0          | # of edge cases tried in current run
seed = -8517143501921776455   | random seed to reproduce generated values


]]></system-out>
  </testcase>
  <testcase name="deveRejeitarDescricaoInvalida" classname="com.sistema.domain.CategoriaTest" time="0.001"/>
  <testcase name="deveEncontrarCategoriaComEspacos" classname="com.sistema.domain.CategoriaTest" time="0.0"/>
  <testcase name="deveRejeitarDescricaoVazia" classname="com.sistema.domain.CategoriaTest" time="0.0"/>
  <testcase name="deveRetornarDescricaoNoToString" classname="com.sistema.domain.CategoriaTest" time="0.0"/>
  <testcase name="deveRejeitarDescricaoNula" classname="com.sistema.domain.CategoriaTest" time="0.0"/>
  <testcase name="deveConterTodasAsCategorias" classname="com.sistema.domain.CategoriaTest" time="0.001"/>
  <testcase name="deveEncontrarCategoriaIgnorandoCaso" classname="com.sistema.domain.CategoriaTest" time="0.0"/>
  <testcase name="deveEncontrarCategoriaPorDescricao" classname="com.sistema.domain.CategoriaTest" time="0.001"/>
  <testcase name="deveRejeitarDescricaoApenasEspacos" classname="com.sistema.domain.CategoriaTest" time="0.0"/>
  <testcase name="deveObterDescricaoCorreta" classname="com.sistema.domain.CategoriaTest" time="0.001"/>
</testsuite>