<?xml version="1.0" encoding="UTF-8"?>
<testsuite xmlns:xsi="http://www.w3.org/2001/XMLSchema-instance" xsi:noNamespaceSchemaLocation="https://maven.apache.org/surefire/maven-surefire-plugin/xsd/surefire-test-report-3.0.xsd" version="3.0" name="parte1.ClassificationServiceTest" time="0.032" tests="7" errors="0" skipped="0" failures="0">
  <properties>
[...]
</properties>
  <testcase name="testClassify_HighValue_ReturnsHigh" classname="parte1.ClassificationServiceTest" time="0.013"/>
  <testcase name="testClassify_MediumValue_ReturnsMedium" classname="parte1.ClassificationServiceTest" time="0.001"/>
  <testcase name="testClassify_RareCase_ReturnsRareCase" classname="parte1.ClassificationServiceTest" time="0.0"/>
  <testcase name="testClassify_BoundaryValue_Eleven_IsHigh" classname="parte1.ClassificationServiceTest" time="0.001"/>
  <testcase name="testClassify_NegativeValue_ReturnsLow" classname="parte1.ClassificationServiceTest" time="0.001"/>
  <testcase name="testClassify_LowValue_ReturnsLow" classname="parte1.ClassificationServiceTest" time="0.0"/>
  <testcase name="testClassify_BoundaryValue_ExactlyTen_IsMedium" classname="parte1.ClassificationServiceTest" time="0.0"/>
</testsuite>